Reading Layer Conversion File 
Reading DXF file...
NOTE: Replacing illegal character * with X in *Model_Space.
NOTE: Replacing illegal character * with X in *Paper_Space.
NOTE: Replacing illegal character * with X in *Paper_Space0.
done.
NOTE: Ignoring unsupported element HATCH on line 2798.
NOTE: Ignoring unsupported element HATCH on line 2900.
NOTE: Ignoring unsupported element HATCH on line 3002.
NOTE: Ignoring unsupported element HATCH on line 3104.
NOTE: Ignoring unsupported element HATCH on line 3206.
NOTE: Ignoring unsupported element HATCH on line 3308.
NOTE: Ignoring unsupported element HATCH on line 3410.
NOTE: Ignoring unsupported element HATCH on line 3512.
NOTE: Ignoring unsupported element HATCH on line 3614.
NOTE: Ignoring unsupported element HATCH on line 3716.
NOTE: Ignoring unsupported element HATCH on line 3818.
NOTE: Ignoring unsupported element HATCH on line 3920.
NOTE: Ignoring unsupported element HATCH on line 4022.
NOTE: Ignoring unsupported element HATCH on line 4124.
NOTE: Ignoring unsupported element HATCH on line 4226.
NOTE: Ignoring unsupported element HATCH on line 4328.
NOTE: Ignoring unsupported element HATCH on line 5812.
NOTE: Ignoring unsupported element HATCH on line 5914.
NOTE: Ignoring unsupported element HATCH on line 6016.
NOTE: Ignoring unsupported element HATCH on line 6118.
NOTE: Ignoring unsupported element HATCH on line 6220.
NOTE: Ignoring unsupported element HATCH on line 6322.
NOTE: Ignoring unsupported element HATCH on line 6424.
NOTE: Ignoring unsupported element HATCH on line 6526.
NOTE: Ignoring unsupported element HATCH on line 6628.
NOTE: Ignoring unsupported element HATCH on line 6730.
NOTE: Ignoring unsupported element HATCH on line 6832.
NOTE: Ignoring unsupported element HATCH on line 6934.
NOTE: Ignoring unsupported element HATCH on line 7036.
NOTE: Ignoring unsupported element HATCH on line 7138.
NOTE: Ignoring unsupported element HATCH on line 7240.
NOTE: Ignoring unsupported element HATCH on line 7342.
NOTE: Ignoring unsupported element HATCH on line 7444.
NOTE: Ignoring unsupported element HATCH on line 7546.
NOTE: Ignoring unsupported element HATCH on line 7648.
NOTE: Ignoring unsupported element HATCH on line 7750.
NOTE: Ignoring unsupported element HATCH on line 7852.
NOTE: Ignoring unsupported element HATCH on line 7954.
NOTE: Ignoring unsupported element HATCH on line 8056.
NOTE: Ignoring unsupported element HATCH on line 8158.
NOTE: Ignoring unsupported element HATCH on line 8260.
NOTE: Ignoring unsupported element HATCH on line 8362.
NOTE: Ignoring unsupported element HATCH on line 8464.
NOTE: Ignoring unsupported element HATCH on line 8566.
NOTE: Ignoring unsupported element HATCH on line 8668.
NOTE: Ignoring unsupported element HATCH on line 8770.
NOTE: Ignoring unsupported element HATCH on line 8872.
NOTE: Ignoring unsupported element HATCH on line 8974.
NOTE: Ignoring unsupported element HATCH on line 9076.
NOTE: Ignoring unsupported element HATCH on line 9178.
NOTE: Ignoring unsupported element HATCH on line 9280.
NOTE: Ignoring unsupported element HATCH on line 9382.
NOTE: Ignoring unsupported element HATCH on line 9484.
NOTE: Ignoring unsupported element HATCH on line 9586.
NOTE: Ignoring unsupported element HATCH on line 9688.
NOTE: Ignoring unsupported element HATCH on line 9790.
NOTE: Ignoring unsupported element HATCH on line 9948.
NOTE: Ignoring unsupported element HATCH on line 10050.
NOTE: Ignoring unsupported element HATCH on line 10152.
NOTE: Ignoring unsupported element HATCH on line 10254.
NOTE: Ignoring unsupported element HATCH on line 10356.
NOTE: Ignoring unsupported element HATCH on line 10458.
NOTE: Ignoring unsupported element HATCH on line 10560.
NOTE: Ignoring unsupported element HATCH on line 10662.
NOTE: Ignoring unsupported element HATCH on line 10764.
NOTE: Ignoring unsupported element HATCH on line 10866.
NOTE: Ignoring unsupported element HATCH on line 10996.
NOTE: Ignoring unsupported element HATCH on line 11098.
NOTE: Ignoring unsupported element HATCH on line 11200.
NOTE: Ignoring unsupported element HATCH on line 11302.
NOTE: Ignoring unsupported element HATCH on line 11404.
NOTE: Ignoring unsupported element HATCH on line 11506.
NOTE: Ignoring unsupported element HATCH on line 11608.
NOTE: Ignoring unsupported element HATCH on line 11710.
Layer conversion file: C:/Users/pxuhu/Desktop/DXF_PCB1_2024-02-28_l.cnv
DXF file: C:/Users/pxuhu/Desktop/DXF_PCB1_2024-02-28.dxf
BRD file: D:/OneDrive/C_Library/A_Library/#Taaaaba12724.dra
Update existing design?: YES
Use default text?: NO
DXF units: MILLIMETERS
Design units: MILLIMETERS
Design precision: 4
dxf2a complete.
