(---------------------------------------------------------------------)
(                                                                     )
(    DBDOCTOR                                                         )
(                                                                     )
(    Drawing          : row0_61h2_17.pad                              )
(    Software Version : 24.1P001                                      )
(    Date/Time        : Fri May 30 18:36:30 2025                      )
(                                                                     )
(---------------------------------------------------------------------)



 Purging all unused user-defined subclasses:
 Number of empty subclasses deleted : 0.

0 warnings, 0 errors detected, 0 errors  fixed.

Number of Xnets before update: 0        after update: 0
Number of Diff Pairs before update: 0   after update: 0
(---------------------------------------------------------------------)
(                                                                     )
(    DBDOCTOR                                                         )
(                                                                     )
(    Drawing          : rew2_17h1_60.pad                              )
(    Software Version : 24.1P001                                      )
(    Date/Time        : Fri May 30 18:37:26 2025                      )
(                                                                     )
(---------------------------------------------------------------------)



 Purging all unused user-defined subclasses:
 Number of empty subclasses deleted : 0.

0 warnings, 0 errors detected, 0 errors  fixed.

Number of Xnets before update: 0        after update: 0
Number of Diff Pairs before update: 0   after update: 0
(---------------------------------------------------------------------)
(                                                                     )
(    DBDOCTOR                                                         )
(                                                                     )
(    Drawing          : pad_mtg330_580.pad                            )
(    Software Version : 24.1P001                                      )
(    Date/Time        : Fri May 30 18:40:01 2025                      )
(                                                                     )
(---------------------------------------------------------------------)



 Purging all unused user-defined subclasses:
 Number of empty subclasses deleted : 0.

0 warnings, 0 errors detected, 0 errors  fixed.

Number of Xnets before update: 0        after update: 0
Number of Diff Pairs before update: 0   after update: 0
