(---------------------------------------------------------------------)
(                                                                     )
(    Refresh Padstack                                                 )
(                                                                     )
(    Drawing          : TF-01A.dra                                    )
(    Software Version : 24.1P001                                      )
(    Date/Time        : Wed Jul 23 14:33:59 2025                      )
(                                                                     )
(---------------------------------------------------------------------)


Wed Jul 23 14:33:59 2025				Page     1


------ Pad Stack Refresh Options ------

Input design  = 'C:/myFile/AllegroLibrary/A_Library/TF-01A.dra'
Output design = ''
Reset symbol text and size locations   = 'NO'


------ Library Paths ------
PSMPATH =  C:/myFile/AllegroLibrary/A_Library 

PADPATH =  C:/myFile/AllegroLibrary/A_Library 


------ Pad Stack Refresh Messages ------

'MC1_00'  pad stack refresh starting.

     'MC1_00'  pad stack refreshed successfully.
     
'REW1_2H2_0'  pad stack refresh starting.

     'REW1_2H2_0'  pad stack refreshed successfully.
     
'REW1_2H1_4'  pad stack refresh starting.

     'REW1_2H1_4'  pad stack refreshed successfully.
     
'REW0_7H1_3'  pad stack refresh starting.

     'REW0_7H1_3'  pad stack refreshed successfully.
     
'REW5_30H6_45'  pad stack refresh starting.

     'REW5_30H6_45'  pad stack refreshed successfully.
     
'MC1_60'  pad stack refresh starting.

     'MC1_60'  pad stack refreshed successfully.
     
Completed refreshing all pad stacks successfully.
